2025-07-30 21:55:03,005 [INFO] com.mandar.spring_web_template_integration.SpringWebTemplateIntegrationApplication [restartedMain] Starting SpringWebTemplateIntegrationApplication using Java 17.0.15 with PID 492641 (/home/mandar-dhamale/projects/spring-web-template-integration/target/classes started by mandar-dhamale in /home/mandar-dhamale/projects/spring-web-template-integration)
2025-07-30 21:55:03,012 [INFO] com.mandar.spring_web_template_integration.SpringWebTemplateIntegrationApplication [restartedMain] No active profile set, falling back to 1 default profile: "default"
2025-07-30 21:55:03,084 [INFO] org.springframework.boot.devtools.env.DevToolsPropertyDefaultsPostProcessor [restartedMain] Devtools property defaults active! Set 'spring.devtools.add-properties' to 'false' to disable
2025-07-30 21:55:03,084 [INFO] org.springframework.boot.devtools.env.DevToolsPropertyDefaultsPostProcessor [restartedMain] For additional web related logging consider setting the 'logging.level.web' property to 'DEBUG'
2025-07-30 21:55:04,172 [INFO] org.springframework.data.repository.config.RepositoryConfigurationDelegate [restartedMain] Bootstrapping Spring Data JPA repositories in DEFAULT mode.
2025-07-30 21:55:04,275 [INFO] org.springframework.data.repository.config.RepositoryConfigurationDelegate [restartedMain] Finished Spring Data repository scanning in 83 ms. Found 3 JPA repository interfaces.
2025-07-30 21:55:05,267 [INFO] org.springframework.boot.web.embedded.tomcat.TomcatWebServer [restartedMain] Tomcat initialized with port 8080 (http)
2025-07-30 21:55:05,301 [INFO] org.apache.catalina.core.StandardService [restartedMain] Starting service [Tomcat]
2025-07-30 21:55:05,303 [INFO] org.apache.catalina.core.StandardEngine [restartedMain] Starting Servlet engine: [Apache Tomcat/10.1.36]
2025-07-30 21:55:05,447 [INFO] org.apache.catalina.core.ContainerBase.[Tomcat].[localhost].[/] [restartedMain] Initializing Spring embedded WebApplicationContext
2025-07-30 21:55:05,452 [INFO] org.springframework.boot.web.servlet.context.ServletWebServerApplicationContext [restartedMain] Root WebApplicationContext: initialization completed in 2367 ms
2025-07-30 21:55:05,893 [INFO] org.hibernate.jpa.internal.util.LogHelper [restartedMain] HHH000204: Processing PersistenceUnitInfo [name: default]
2025-07-30 21:55:05,991 [INFO] org.hibernate.Version [restartedMain] HHH000412: Hibernate ORM core version 6.6.8.Final
2025-07-30 21:55:06,051 [INFO] org.hibernate.cache.internal.RegionFactoryInitiator [restartedMain] HHH000026: Second-level cache disabled
2025-07-30 21:55:06,656 [INFO] org.springframework.orm.jpa.persistenceunit.SpringPersistenceUnitInfo [restartedMain] No LoadTimeWeaver setup: ignoring JPA class transformer
2025-07-30 21:55:06,721 [INFO] com.zaxxer.hikari.HikariDataSource [restartedMain] HikariPool-1 - Starting...
2025-07-30 21:55:07,243 [INFO] com.zaxxer.hikari.pool.HikariPool [restartedMain] HikariPool-1 - Added connection conn0: url=jdbc:h2:file:./db/blogdb user=ADMIN
2025-07-30 21:55:07,247 [INFO] com.zaxxer.hikari.HikariDataSource [restartedMain] HikariPool-1 - Start completed.
2025-07-30 21:55:07,295 [WARN] org.hibernate.orm.deprecation [restartedMain] HHH90000025: H2Dialect does not need to be specified explicitly using 'hibernate.dialect' (remove the property setting and it will be selected by default)
2025-07-30 21:55:07,355 [INFO] org.hibernate.orm.connections.pooling [restartedMain] HHH10001005: Database info:
	Database JDBC URL [Connecting through datasource 'HikariDataSource (HikariPool-1)']
	Database driver: undefined/unknown
	Database version: 2.3.232
	Autocommit mode: undefined/unknown
	Isolation level: undefined/unknown
	Minimum pool size: undefined/unknown
	Maximum pool size: undefined/unknown
2025-07-30 21:55:08,737 [INFO] org.hibernate.engine.transaction.jta.platform.internal.JtaPlatformInitiator [restartedMain] HHH000489: No JTA platform available (set 'hibernate.transaction.jta.platform' to enable JTA platform integration)
2025-07-30 21:55:08,830 [INFO] org.springframework.orm.jpa.LocalContainerEntityManagerFactoryBean [restartedMain] Initialized JPA EntityManagerFactory for persistence unit 'default'
2025-07-30 21:55:09,532 [WARN] org.springframework.boot.autoconfigure.orm.jpa.JpaBaseConfiguration$JpaWebConfiguration [restartedMain] spring.jpa.open-in-view is enabled by default. Therefore, database queries may be performed during view rendering. Explicitly configure spring.jpa.open-in-view to disable this warning
2025-07-30 21:55:09,572 [INFO] org.springframework.security.config.annotation.authentication.configuration.InitializeUserDetailsBeanManagerConfigurer$InitializeUserDetailsManagerConfigurer [restartedMain] Global AuthenticationManager configured with UserDetailsService bean with name accountService
2025-07-30 21:55:10,289 [INFO] org.springframework.boot.autoconfigure.h2.H2ConsoleAutoConfiguration [restartedMain] H2 console available at '/db-console'. Database available at 'jdbc:h2:file:./db/blogdb'
2025-07-30 21:55:10,399 [INFO] org.springframework.boot.devtools.autoconfigure.OptionalLiveReloadServer [restartedMain] LiveReload server is running on port 35729
2025-07-30 21:55:10,435 [INFO] org.springframework.boot.web.embedded.tomcat.TomcatWebServer [restartedMain] Tomcat started on port 8080 (http) with context path '/'
2025-07-30 21:55:10,466 [INFO] com.mandar.spring_web_template_integration.SpringWebTemplateIntegrationApplication [restartedMain] Started SpringWebTemplateIntegrationApplication in 8.042 seconds (process running for 8.53)
2025-07-30 21:55:10,481 [INFO] com.mandar.spring_web_template_integration.config.SeedData [restartedMain] Initializing seed data...
2025-07-30 21:55:11,064 [INFO] com.mandar.spring_web_template_integration.config.SeedData [restartedMain] Seed data initialization completed.
2025-07-30 21:55:15,823 [INFO] org.apache.catalina.core.ContainerBase.[Tomcat].[localhost].[/] [http-nio-8080-exec-1] Initializing Spring DispatcherServlet 'dispatcherServlet'
2025-07-30 21:55:15,824 [INFO] org.springframework.web.servlet.DispatcherServlet [http-nio-8080-exec-1] Initializing Servlet 'dispatcherServlet'
2025-07-30 21:55:15,825 [INFO] org.springframework.web.servlet.DispatcherServlet [http-nio-8080-exec-1] Completed initialization in 1 ms
2025-07-30 22:12:39,613 [INFO] org.springframework.boot.devtools.autoconfigure.LocalDevToolsAutoConfiguration$RestartingClassPathChangeChangedEventListener [File Watcher] Restarting due to 58 class path changes (0 additions, 58 deletions, 0 modifications)
2025-07-30 22:12:39,621 [INFO] org.springframework.boot.web.embedded.tomcat.GracefulShutdown [Thread-6] Commencing graceful shutdown. Waiting for active requests to complete
2025-07-30 22:12:39,630 [INFO] org.springframework.boot.web.embedded.tomcat.GracefulShutdown [tomcat-shutdown] Graceful shutdown complete
2025-07-30 22:12:39,644 [INFO] org.springframework.orm.jpa.LocalContainerEntityManagerFactoryBean [Thread-6] Closing JPA EntityManagerFactory for persistence unit 'default'
2025-07-30 22:12:39,667 [INFO] com.zaxxer.hikari.HikariDataSource [Thread-6] HikariPool-1 - Shutdown initiated...
2025-07-30 22:12:39,697 [INFO] com.zaxxer.hikari.HikariDataSource [Thread-6] HikariPool-1 - Shutdown completed.
2025-07-30 22:15:43,520 [INFO] com.mandar.spring_web_template_integration.SpringWebTemplateIntegrationApplication [restartedMain] Starting SpringWebTemplateIntegrationApplication using Java 17.0.15 with PID 492641 (/home/mandar-dhamale/projects/spring-web-template-integration/target/classes started by mandar-dhamale in /home/mandar-dhamale/projects/spring-web-template-integration)
2025-07-30 22:15:43,521 [INFO] com.mandar.spring_web_template_integration.SpringWebTemplateIntegrationApplication [restartedMain] No active profile set, falling back to 1 default profile: "default"
2025-07-30 22:15:43,832 [INFO] org.springframework.data.repository.config.RepositoryConfigurationDelegate [restartedMain] Bootstrapping Spring Data JPA repositories in DEFAULT mode.
2025-07-30 22:15:43,856 [INFO] org.springframework.data.repository.config.RepositoryConfigurationDelegate [restartedMain] Finished Spring Data repository scanning in 21 ms. Found 3 JPA repository interfaces.
2025-07-30 22:15:44,016 [INFO] org.springframework.boot.web.embedded.tomcat.TomcatWebServer [restartedMain] Tomcat initialized with port 8080 (http)
2025-07-30 22:15:44,018 [INFO] org.apache.catalina.core.StandardService [restartedMain] Starting service [Tomcat]
2025-07-30 22:15:44,018 [INFO] org.apache.catalina.core.StandardEngine [restartedMain] Starting Servlet engine: [Apache Tomcat/10.1.36]
2025-07-30 22:15:44,029 [INFO] org.apache.catalina.core.ContainerBase.[Tomcat].[localhost].[/] [restartedMain] Initializing Spring embedded WebApplicationContext
2025-07-30 22:15:44,029 [INFO] org.springframework.boot.web.servlet.context.ServletWebServerApplicationContext [restartedMain] Root WebApplicationContext: initialization completed in 501 ms
2025-07-30 22:15:44,109 [INFO] org.hibernate.jpa.internal.util.LogHelper [restartedMain] HHH000204: Processing PersistenceUnitInfo [name: default]
2025-07-30 22:15:44,112 [INFO] org.hibernate.cache.internal.RegionFactoryInitiator [restartedMain] HHH000026: Second-level cache disabled
2025-07-30 22:15:44,134 [INFO] org.springframework.orm.jpa.persistenceunit.SpringPersistenceUnitInfo [restartedMain] No LoadTimeWeaver setup: ignoring JPA class transformer
2025-07-30 22:15:44,136 [INFO] com.zaxxer.hikari.HikariDataSource [restartedMain] HikariPool-3 - Starting...
2025-07-30 22:15:44,150 [INFO] com.zaxxer.hikari.pool.HikariPool [restartedMain] HikariPool-3 - Added connection conn20: url=jdbc:h2:file:./db/blogdb user=ADMIN
2025-07-30 22:15:44,150 [INFO] com.zaxxer.hikari.HikariDataSource [restartedMain] HikariPool-3 - Start completed.
2025-07-30 22:15:44,151 [WARN] org.hibernate.orm.deprecation [restartedMain] HHH90000025: H2Dialect does not need to be specified explicitly using 'hibernate.dialect' (remove the property setting and it will be selected by default)
2025-07-30 22:15:44,152 [INFO] org.hibernate.orm.connections.pooling [restartedMain] HHH10001005: Database info:
	Database JDBC URL [Connecting through datasource 'HikariDataSource (HikariPool-3)']
	Database driver: undefined/unknown
	Database version: 2.3.232
	Autocommit mode: undefined/unknown
	Isolation level: undefined/unknown
	Minimum pool size: undefined/unknown
	Maximum pool size: undefined/unknown
2025-07-30 22:15:44,332 [INFO] org.hibernate.engine.transaction.jta.platform.internal.JtaPlatformInitiator [restartedMain] HHH000489: No JTA platform available (set 'hibernate.transaction.jta.platform' to enable JTA platform integration)
2025-07-30 22:15:44,352 [INFO] org.springframework.orm.jpa.LocalContainerEntityManagerFactoryBean [restartedMain] Initialized JPA EntityManagerFactory for persistence unit 'default'
2025-07-30 22:15:44,545 [WARN] org.springframework.boot.autoconfigure.orm.jpa.JpaBaseConfiguration$JpaWebConfiguration [restartedMain] spring.jpa.open-in-view is enabled by default. Therefore, database queries may be performed during view rendering. Explicitly configure spring.jpa.open-in-view to disable this warning
2025-07-30 22:15:44,555 [INFO] org.springframework.security.config.annotation.authentication.configuration.InitializeUserDetailsBeanManagerConfigurer$InitializeUserDetailsManagerConfigurer [restartedMain] Global AuthenticationManager configured with UserDetailsService bean with name accountService
2025-07-30 22:15:44,767 [INFO] org.springframework.boot.autoconfigure.h2.H2ConsoleAutoConfiguration [restartedMain] H2 console available at '/db-console'. Database available at 'jdbc:h2:file:./db/blogdb'
2025-07-30 22:15:44,796 [INFO] org.springframework.boot.devtools.autoconfigure.OptionalLiveReloadServer [restartedMain] LiveReload server is running on port 35729
2025-07-30 22:15:44,812 [INFO] org.springframework.boot.web.embedded.tomcat.TomcatWebServer [restartedMain] Tomcat started on port 8080 (http) with context path '/'
2025-07-30 22:15:44,819 [INFO] com.mandar.spring_web_template_integration.SpringWebTemplateIntegrationApplication [restartedMain] Started SpringWebTemplateIntegrationApplication in 1.417 seconds (process running for 1242.883)
2025-07-30 22:15:44,822 [INFO] com.mandar.spring_web_template_integration.config.SeedData [restartedMain] Initializing seed data...
2025-07-30 22:15:45,377 [INFO] com.mandar.spring_web_template_integration.config.SeedData [restartedMain] Seed data initialization completed.
2025-07-30 22:15:45,427 [INFO] org.springframework.boot.devtools.autoconfigure.ConditionEvaluationDeltaLoggingListener [restartedMain] Condition evaluation unchanged
2025-07-30 22:15:49,615 [INFO] org.springframework.boot.devtools.autoconfigure.LocalDevToolsAutoConfiguration$RestartingClassPathChangeChangedEventListener [File Watcher] Restarting due to 58 class path changes (0 additions, 0 deletions, 58 modifications)
2025-07-30 22:15:49,616 [INFO] org.springframework.boot.web.embedded.tomcat.GracefulShutdown [Thread-12] Commencing graceful shutdown. Waiting for active requests to complete
2025-07-30 22:15:49,618 [INFO] org.springframework.boot.web.embedded.tomcat.GracefulShutdown [tomcat-shutdown] Graceful shutdown complete
2025-07-30 22:15:49,620 [INFO] org.springframework.orm.jpa.LocalContainerEntityManagerFactoryBean [Thread-12] Closing JPA EntityManagerFactory for persistence unit 'default'
2025-07-30 22:15:49,624 [INFO] com.zaxxer.hikari.HikariDataSource [Thread-12] HikariPool-3 - Shutdown initiated...
2025-07-30 22:15:49,651 [INFO] com.zaxxer.hikari.HikariDataSource [Thread-12] HikariPool-3 - Shutdown completed.
2025-07-30 22:15:49,814 [INFO] com.mandar.spring_web_template_integration.SpringWebTemplateIntegrationApplication [restartedMain] Starting SpringWebTemplateIntegrationApplication using Java 17.0.15 with PID 492641 (/home/mandar-dhamale/projects/spring-web-template-integration/target/classes started by mandar-dhamale in /home/mandar-dhamale/projects/spring-web-template-integration)
2025-07-30 22:15:49,815 [INFO] com.mandar.spring_web_template_integration.SpringWebTemplateIntegrationApplication [restartedMain] No active profile set, falling back to 1 default profile: "default"
2025-07-30 22:15:49,996 [INFO] org.springframework.data.repository.config.RepositoryConfigurationDelegate [restartedMain] Bootstrapping Spring Data JPA repositories in DEFAULT mode.
2025-07-30 22:15:50,008 [INFO] org.springframework.data.repository.config.RepositoryConfigurationDelegate [restartedMain] Finished Spring Data repository scanning in 11 ms. Found 3 JPA repository interfaces.
2025-07-30 22:15:50,186 [INFO] org.springframework.boot.web.embedded.tomcat.TomcatWebServer [restartedMain] Tomcat initialized with port 8080 (http)
2025-07-30 22:15:50,187 [INFO] org.apache.catalina.core.StandardService [restartedMain] Starting service [Tomcat]
2025-07-30 22:15:50,188 [INFO] org.apache.catalina.core.StandardEngine [restartedMain] Starting Servlet engine: [Apache Tomcat/10.1.36]
2025-07-30 22:15:50,204 [INFO] org.apache.catalina.core.ContainerBase.[Tomcat].[localhost].[/] [restartedMain] Initializing Spring embedded WebApplicationContext
2025-07-30 22:15:50,204 [INFO] org.springframework.boot.web.servlet.context.ServletWebServerApplicationContext [restartedMain] Root WebApplicationContext: initialization completed in 384 ms
2025-07-30 22:15:50,278 [INFO] org.hibernate.jpa.internal.util.LogHelper [restartedMain] HHH000204: Processing PersistenceUnitInfo [name: default]
2025-07-30 22:15:50,282 [INFO] org.hibernate.cache.internal.RegionFactoryInitiator [restartedMain] HHH000026: Second-level cache disabled
2025-07-30 22:15:50,299 [INFO] org.springframework.orm.jpa.persistenceunit.SpringPersistenceUnitInfo [restartedMain] No LoadTimeWeaver setup: ignoring JPA class transformer
2025-07-30 22:15:50,300 [INFO] com.zaxxer.hikari.HikariDataSource [restartedMain] HikariPool-4 - Starting...
2025-07-30 22:15:50,309 [INFO] com.zaxxer.hikari.pool.HikariPool [restartedMain] HikariPool-4 - Added connection conn30: url=jdbc:h2:file:./db/blogdb user=ADMIN
2025-07-30 22:15:50,310 [INFO] com.zaxxer.hikari.HikariDataSource [restartedMain] HikariPool-4 - Start completed.
2025-07-30 22:15:50,311 [WARN] org.hibernate.orm.deprecation [restartedMain] HHH90000025: H2Dialect does not need to be specified explicitly using 'hibernate.dialect' (remove the property setting and it will be selected by default)
2025-07-30 22:15:50,312 [INFO] org.hibernate.orm.connections.pooling [restartedMain] HHH10001005: Database info:
	Database JDBC URL [Connecting through datasource 'HikariDataSource (HikariPool-4)']
	Database driver: undefined/unknown
	Database version: 2.3.232
	Autocommit mode: undefined/unknown
	Isolation level: undefined/unknown
	Minimum pool size: undefined/unknown
	Maximum pool size: undefined/unknown
2025-07-30 22:15:50,474 [INFO] org.hibernate.engine.transaction.jta.platform.internal.JtaPlatformInitiator [restartedMain] HHH000489: No JTA platform available (set 'hibernate.transaction.jta.platform' to enable JTA platform integration)
2025-07-30 22:15:50,493 [INFO] org.springframework.orm.jpa.LocalContainerEntityManagerFactoryBean [restartedMain] Initialized JPA EntityManagerFactory for persistence unit 'default'
2025-07-30 22:15:50,663 [WARN] org.springframework.boot.autoconfigure.orm.jpa.JpaBaseConfiguration$JpaWebConfiguration [restartedMain] spring.jpa.open-in-view is enabled by default. Therefore, database queries may be performed during view rendering. Explicitly configure spring.jpa.open-in-view to disable this warning
2025-07-30 22:15:50,672 [INFO] org.springframework.security.config.annotation.authentication.configuration.InitializeUserDetailsBeanManagerConfigurer$InitializeUserDetailsManagerConfigurer [restartedMain] Global AuthenticationManager configured with UserDetailsService bean with name accountService
2025-07-30 22:15:50,898 [INFO] org.springframework.boot.autoconfigure.h2.H2ConsoleAutoConfiguration [restartedMain] H2 console available at '/db-console'. Database available at 'jdbc:h2:file:./db/blogdb'
2025-07-30 22:15:50,930 [INFO] org.springframework.boot.devtools.autoconfigure.OptionalLiveReloadServer [restartedMain] LiveReload server is running on port 35729
2025-07-30 22:15:50,950 [INFO] org.springframework.boot.web.embedded.tomcat.TomcatWebServer [restartedMain] Tomcat started on port 8080 (http) with context path '/'
2025-07-30 22:15:50,959 [INFO] com.mandar.spring_web_template_integration.SpringWebTemplateIntegrationApplication [restartedMain] Started SpringWebTemplateIntegrationApplication in 1.183 seconds (process running for 1249.023)
2025-07-30 22:15:50,961 [INFO] com.mandar.spring_web_template_integration.config.SeedData [restartedMain] Initializing seed data...
2025-07-30 22:15:51,435 [INFO] com.mandar.spring_web_template_integration.config.SeedData [restartedMain] Seed data initialization completed.
2025-07-30 22:15:51,454 [INFO] org.springframework.boot.devtools.autoconfigure.ConditionEvaluationDeltaLoggingListener [restartedMain] Condition evaluation unchanged
2025-07-30 22:15:57,115 [INFO] org.springframework.boot.web.embedded.tomcat.GracefulShutdown [SpringApplicationShutdownHook] Commencing graceful shutdown. Waiting for active requests to complete
2025-07-30 22:15:57,117 [INFO] org.springframework.boot.web.embedded.tomcat.GracefulShutdown [tomcat-shutdown] Graceful shutdown complete
2025-07-30 22:15:57,121 [INFO] org.springframework.orm.jpa.LocalContainerEntityManagerFactoryBean [SpringApplicationShutdownHook] Closing JPA EntityManagerFactory for persistence unit 'default'
2025-07-30 22:15:57,163 [INFO] com.zaxxer.hikari.HikariDataSource [SpringApplicationShutdownHook] HikariPool-4 - Shutdown initiated...
2025-07-30 22:15:57,192 [INFO] com.zaxxer.hikari.HikariDataSource [SpringApplicationShutdownHook] HikariPool-4 - Shutdown completed.
2025-07-30 22:16:55,076 [INFO] com.mandar.spring_web_template_integration.SpringWebTemplateIntegrationApplication [restartedMain] Starting SpringWebTemplateIntegrationApplication using Java 17.0.15 with PID 511597 (/home/mandar-dhamale/projects/spring-web-template-integration/target/classes started by mandar-dhamale in /home/mandar-dhamale/projects/spring-web-template-integration)
2025-07-30 22:16:55,079 [INFO] com.mandar.spring_web_template_integration.SpringWebTemplateIntegrationApplication [restartedMain] No active profile set, falling back to 1 default profile: "default"
2025-07-30 22:16:55,164 [INFO] org.springframework.boot.devtools.env.DevToolsPropertyDefaultsPostProcessor [restartedMain] Devtools property defaults active! Set 'spring.devtools.add-properties' to 'false' to disable
2025-07-30 22:16:55,165 [INFO] org.springframework.boot.devtools.env.DevToolsPropertyDefaultsPostProcessor [restartedMain] For additional web related logging consider setting the 'logging.level.web' property to 'DEBUG'
2025-07-30 22:16:56,260 [INFO] org.springframework.data.repository.config.RepositoryConfigurationDelegate [restartedMain] Bootstrapping Spring Data JPA repositories in DEFAULT mode.
2025-07-30 22:16:56,366 [INFO] org.springframework.data.repository.config.RepositoryConfigurationDelegate [restartedMain] Finished Spring Data repository scanning in 92 ms. Found 3 JPA repository interfaces.
2025-07-30 22:16:57,292 [INFO] org.springframework.boot.web.embedded.tomcat.TomcatWebServer [restartedMain] Tomcat initialized with port 8080 (http)
2025-07-30 22:16:57,307 [INFO] org.apache.catalina.core.StandardService [restartedMain] Starting service [Tomcat]
2025-07-30 22:16:57,310 [INFO] org.apache.catalina.core.StandardEngine [restartedMain] Starting Servlet engine: [Apache Tomcat/10.1.36]
2025-07-30 22:16:57,379 [INFO] org.apache.catalina.core.ContainerBase.[Tomcat].[localhost].[/] [restartedMain] Initializing Spring embedded WebApplicationContext
2025-07-30 22:16:57,380 [INFO] org.springframework.boot.web.servlet.context.ServletWebServerApplicationContext [restartedMain] Root WebApplicationContext: initialization completed in 2214 ms
2025-07-30 22:16:57,663 [INFO] org.hibernate.jpa.internal.util.LogHelper [restartedMain] HHH000204: Processing PersistenceUnitInfo [name: default]
2025-07-30 22:16:57,724 [INFO] org.hibernate.Version [restartedMain] HHH000412: Hibernate ORM core version 6.6.8.Final
2025-07-30 22:16:57,778 [INFO] org.hibernate.cache.internal.RegionFactoryInitiator [restartedMain] HHH000026: Second-level cache disabled
2025-07-30 22:16:58,090 [INFO] org.springframework.orm.jpa.persistenceunit.SpringPersistenceUnitInfo [restartedMain] No LoadTimeWeaver setup: ignoring JPA class transformer
2025-07-30 22:16:58,131 [INFO] com.zaxxer.hikari.HikariDataSource [restartedMain] HikariPool-1 - Starting...
2025-07-30 22:16:58,389 [INFO] com.zaxxer.hikari.pool.HikariPool [restartedMain] HikariPool-1 - Added connection conn0: url=jdbc:h2:file:./db/blogdb user=ADMIN
2025-07-30 22:16:58,391 [INFO] com.zaxxer.hikari.HikariDataSource [restartedMain] HikariPool-1 - Start completed.
2025-07-30 22:16:58,424 [WARN] org.hibernate.orm.deprecation [restartedMain] HHH90000025: H2Dialect does not need to be specified explicitly using 'hibernate.dialect' (remove the property setting and it will be selected by default)
2025-07-30 22:16:58,459 [INFO] org.hibernate.orm.connections.pooling [restartedMain] HHH10001005: Database info:
	Database JDBC URL [Connecting through datasource 'HikariDataSource (HikariPool-1)']
	Database driver: undefined/unknown
	Database version: 2.3.232
	Autocommit mode: undefined/unknown
	Isolation level: undefined/unknown
	Minimum pool size: undefined/unknown
	Maximum pool size: undefined/unknown
2025-07-30 22:16:59,654 [INFO] org.hibernate.engine.transaction.jta.platform.internal.JtaPlatformInitiator [restartedMain] HHH000489: No JTA platform available (set 'hibernate.transaction.jta.platform' to enable JTA platform integration)
2025-07-30 22:16:59,731 [INFO] org.springframework.orm.jpa.LocalContainerEntityManagerFactoryBean [restartedMain] Initialized JPA EntityManagerFactory for persistence unit 'default'
2025-07-30 22:17:00,385 [WARN] org.springframework.boot.autoconfigure.orm.jpa.JpaBaseConfiguration$JpaWebConfiguration [restartedMain] spring.jpa.open-in-view is enabled by default. Therefore, database queries may be performed during view rendering. Explicitly configure spring.jpa.open-in-view to disable this warning
2025-07-30 22:17:00,443 [INFO] org.springframework.security.config.annotation.authentication.configuration.InitializeUserDetailsBeanManagerConfigurer$InitializeUserDetailsManagerConfigurer [restartedMain] Global AuthenticationManager configured with UserDetailsService bean with name accountService
2025-07-30 22:17:01,189 [INFO] org.springframework.boot.autoconfigure.h2.H2ConsoleAutoConfiguration [restartedMain] H2 console available at '/db-console'. Database available at 'jdbc:h2:file:./db/blogdb'
2025-07-30 22:17:01,293 [INFO] org.springframework.boot.devtools.autoconfigure.OptionalLiveReloadServer [restartedMain] LiveReload server is running on port 35729
2025-07-30 22:17:01,328 [INFO] org.springframework.boot.web.embedded.tomcat.TomcatWebServer [restartedMain] Tomcat started on port 8080 (http) with context path '/'
2025-07-30 22:17:01,349 [INFO] com.mandar.spring_web_template_integration.SpringWebTemplateIntegrationApplication [restartedMain] Started SpringWebTemplateIntegrationApplication in 7.04 seconds (process running for 7.566)
2025-07-30 22:17:01,361 [INFO] com.mandar.spring_web_template_integration.config.SeedData [restartedMain] Initializing seed data...
2025-07-30 22:17:02,030 [INFO] com.mandar.spring_web_template_integration.config.SeedData [restartedMain] Seed data initialization completed.
